0 info it worked if it ends with ok
1 verbose cli [ '/Users/israel/.nvm/versions/node/v6.17.1/bin/node',
1 verbose cli   '/Users/israel/.nvm/versions/node/v6.17.1/bin/npm',
1 verbose cli   'run',
1 verbose cli   'start' ]
2 info using npm@3.10.10
3 info using node@v6.17.1
4 verbose run-script [ 'prestart', 'start', 'poststart' ]
5 info lifecycle mingachevir-real-estate-agency-fe@0.0.0~prestart: mingachevir-real-estate-agency-fe@0.0.0
6 silly lifecycle mingachevir-real-estate-agency-fe@0.0.0~prestart: no script for prestart, continuing
7 info lifecycle mingachevir-real-estate-agency-fe@0.0.0~start: mingachevir-real-estate-agency-fe@0.0.0
8 verbose lifecycle mingachevir-real-estate-agency-fe@0.0.0~start: unsafe-perm in lifecycle true
9 verbose lifecycle mingachevir-real-estate-agency-fe@0.0.0~start: PATH: /Users/israel/.nvm/versions/node/v6.17.1/lib/node_modules/npm/bin/node-gyp-bin:/Users/israel/Documents/mingachevir-real-estate-agency/mingachevir-real-estate-agency-fe/node_modules/.bin:/Users/israel/.nvm/versions/node/v6.17.1/bin:/Users/israel/apache-maven-3.9.9/bin:/Users/israel/.nvm/versions/node/v18.20.5/bin:/usr/local/bin:/usr/bin:/bin:/usr/sbin:/sbin:/usr/local/share/dotnet:~/.dotnet/tools:/Library/Frameworks/Mono.framework/Versions/Current/Commands:/Applications/Postgres.app/Contents/Versions/latest/bin:/usr/local/bin:/Applications/Postgres.app/Contents/Versions/15/bin
10 verbose lifecycle mingachevir-real-estate-agency-fe@0.0.0~start: CWD: /Users/israel/Documents/mingachevir-real-estate-agency/mingachevir-real-estate-agency-fe
11 silly lifecycle mingachevir-real-estate-agency-fe@0.0.0~start: Args: [ '-c', 'ng serve --proxy-config proxy.conf.json --port 4201' ]
12 silly lifecycle mingachevir-real-estate-agency-fe@0.0.0~start: Returned: code: 1  signal: null
13 info lifecycle mingachevir-real-estate-agency-fe@0.0.0~start: Failed to exec start script
14 verbose stack Error: mingachevir-real-estate-agency-fe@0.0.0 start: `ng serve --proxy-config proxy.conf.json --port 4201`
14 verbose stack Exit status 1
14 verbose stack     at EventEmitter.<anonymous> (/Users/israel/.nvm/versions/node/v6.17.1/lib/node_modules/npm/lib/utils/lifecycle.js:255:16)
14 verbose stack     at emitTwo (events.js:106:13)
14 verbose stack     at EventEmitter.emit (events.js:191:7)
14 verbose stack     at ChildProcess.<anonymous> (/Users/israel/.nvm/versions/node/v6.17.1/lib/node_modules/npm/lib/utils/spawn.js:40:14)
14 verbose stack     at emitTwo (events.js:106:13)
14 verbose stack     at ChildProcess.emit (events.js:191:7)
14 verbose stack     at maybeClose (internal/child_process.js:920:16)
14 verbose stack     at Process.ChildProcess._handle.onexit (internal/child_process.js:230:5)
15 verbose pkgid mingachevir-real-estate-agency-fe@0.0.0
16 verbose cwd /Users/israel/Documents/mingachevir-real-estate-agency/mingachevir-real-estate-agency-fe
17 error Darwin 21.3.0
18 error argv "/Users/israel/.nvm/versions/node/v6.17.1/bin/node" "/Users/israel/.nvm/versions/node/v6.17.1/bin/npm" "run" "start"
19 error node v6.17.1
20 error npm  v3.10.10
21 error code ELIFECYCLE
22 error mingachevir-real-estate-agency-fe@0.0.0 start: `ng serve --proxy-config proxy.conf.json --port 4201`
22 error Exit status 1
23 error Failed at the mingachevir-real-estate-agency-fe@0.0.0 start script 'ng serve --proxy-config proxy.conf.json --port 4201'.
23 error Make sure you have the latest version of node.js and npm installed.
23 error If you do, this is most likely a problem with the mingachevir-real-estate-agency-fe package,
23 error not with npm itself.
23 error Tell the author that this fails on your system:
23 error     ng serve --proxy-config proxy.conf.json --port 4201
23 error You can get information on how to open an issue for this project with:
23 error     npm bugs mingachevir-real-estate-agency-fe
23 error Or if that isn't available, you can get their info via:
23 error     npm owner ls mingachevir-real-estate-agency-fe
23 error There is likely additional logging output above.
24 verbose exit [ 1, true ]
